2026-04-02 01:14:34.995 | INFO     | __main__:main:48 - Starting thesis artifact refresh from cached datasets and saved model files.
2026-04-02 01:14:35.196 | INFO     | __main__:main:56 - Loaded cached Reddit dataset: 11,496 rows within the configured study window.
2026-04-02 01:14:35.233 | INFO     | src.sentiment_engine:score_and_aggregate:76 - Scoring 11,496 Reddit items …
2026-04-02 01:14:35.260 | INFO     | src.sentiment_engine:score_and_aggregate:80 -   Running VADER …
2026-04-02 01:14:51.681 | INFO     | src.sentiment_engine:score_and_aggregate:87 -   FinBERT disabled — using VADER only.
2026-04-02 01:14:51.780 | SUCCESS  | src.sentiment_engine:score_and_aggregate:92 - Scored data → /Users/naveenmalla/Work/Personal/misc/reddit_equity_forecast/data/processed/reddit_scored.parquet
2026-04-02 01:14:52.444 | SUCCESS  | src.sentiment_engine:score_and_aggregate:97 - Daily sentiment → /Users/naveenmalla/Work/Personal/misc/reddit_equity_forecast/data/processed/sentiment_daily.parquet  shape=(4689, 18)
2026-04-02 01:14:52.444 | DEBUG    | src.ticker_selector:volume_ranking_df:38 - Volume ranking cache hit: /Users/naveenmalla/Work/Personal/misc/reddit_equity_forecast/data/processed/volume_ranking.parquet
2026-04-02 01:14:52.446 | DEBUG    | src.market_data:fetch_and_engineer:46 - Market features cache hit: /Users/naveenmalla/Work/Personal/misc/reddit_equity_forecast/data/processed/market_features.parquet
2026-04-02 01:14:52.450 | INFO     | __main__:main:61 - Loaded market feature dataset for 10 tickers.
2026-04-02 01:14:52.451 | DEBUG    | src.dataset_builder:build:63 - Dataset cache hit.
2026-04-02 01:14:52.473 | INFO     | src.dataset_builder:_split:256 - Split sizes — Train: (8770, 73)  Val: (1250, 73)  Test: (2510, 73)  Features: 73
2026-04-02 01:14:52.473 | INFO     | __main__:main:69 - Prepared chronological modelling splits with 73 numeric features: train=8,770, validation=1,250, test=2,510.
2026-04-02 01:14:52.474 | INFO     | __main__:main:93 - Reusing the saved model files to regenerate evaluation artifacts.
2026-04-02 01:14:52.584 | INFO     | __main__:main:112 - Saved refreshed test predictions with ticker and date metadata.
2026-04-02 01:14:52.983 | SUCCESS  | src.visualiser:_save:367 - Saved plot → /Users/naveenmalla/Work/Personal/misc/reddit_equity_forecast/outputs/volume_ranking.png
2026-04-02 01:14:54.291 | SUCCESS  | src.visualiser:_save:367 - Saved plot → /Users/naveenmalla/Work/Personal/misc/reddit_equity_forecast/outputs/sentiment_timeseries.png
2026-04-02 01:14:54.585 | SUCCESS  | src.visualiser:_save:367 - Saved plot → /Users/naveenmalla/Work/Personal/misc/reddit_equity_forecast/outputs/model_comparison.png
2026-04-02 01:14:54.978 | SUCCESS  | src.visualiser:_save:367 - Saved plot → /Users/naveenmalla/Work/Personal/misc/reddit_equity_forecast/outputs/feature_importance.png
2026-04-02 01:14:55.460 | SUCCESS  | src.visualiser:_save:367 - Saved plot → /Users/naveenmalla/Work/Personal/misc/reddit_equity_forecast/outputs/predictions_scatter.png
2026-04-02 01:14:55.787 | SUCCESS  | src.visualiser:plot_interactive_sentiment:313 - Saved interactive plot → /Users/naveenmalla/Work/Personal/misc/reddit_equity_forecast/outputs/sentiment_interactive.html
2026-04-02 01:14:55.862 | SUCCESS  | src.visualiser:plot_interactive_predictions:361 - Saved interactive plot → /Users/naveenmalla/Work/Personal/misc/reddit_equity_forecast/outputs/predictions_interactive.html
2026-04-02 01:14:55.871 | SUCCESS  | src.results_analyzer:save_directional_accuracy_stats:144 - Saved evaluation table → /Users/naveenmalla/Work/Personal/misc/reddit_equity_forecast/outputs/directional_accuracy_stats.csv
2026-04-02 01:14:55.883 | SUCCESS  | src.results_analyzer:save_ticker_metrics:158 - Saved evaluation table → /Users/naveenmalla/Work/Personal/misc/reddit_equity_forecast/outputs/ticker_model_metrics.csv
2026-04-02 01:14:55.900 | SUCCESS  | src.results_analyzer:save_monthly_metrics:175 - Saved evaluation table → /Users/naveenmalla/Work/Personal/misc/reddit_equity_forecast/outputs/monthly_model_metrics.csv
2026-04-02 01:14:56.006 | SUCCESS  | src.results_analyzer:_save:341 - Saved plot → /Users/naveenmalla/Work/Personal/misc/reddit_equity_forecast/outputs/directional_accuracy_ci.png
2026-04-02 01:14:56.178 | SUCCESS  | src.results_analyzer:_save:341 - Saved plot → /Users/naveenmalla/Work/Personal/misc/reddit_equity_forecast/outputs/ticker_directional_accuracy.png
2026-04-02 01:14:56.365 | SUCCESS  | src.results_analyzer:_save:341 - Saved plot → /Users/naveenmalla/Work/Personal/misc/reddit_equity_forecast/outputs/monthly_directional_accuracy.png
2026-04-02 01:14:56.531 | SUCCESS  | src.results_analyzer:_save:341 - Saved plot → /Users/naveenmalla/Work/Personal/misc/reddit_equity_forecast/outputs/residual_distribution.png
2026-04-02 01:14:56.536 | SUCCESS  | src.results_analyzer:plot_direction_confusion:321 - Saved evaluation table → /Users/naveenmalla/Work/Personal/misc/reddit_equity_forecast/outputs/direction_confusion.csv
2026-04-02 01:14:56.602 | SUCCESS  | src.results_analyzer:_save:341 - Saved plot → /Users/naveenmalla/Work/Personal/misc/reddit_equity_forecast/outputs/direction_confusion.png
2026-04-02 01:14:56.682 | SUCCESS  | src.sentiment_validation:generate:63 - Saved validation sample → /Users/naveenmalla/Work/Personal/misc/reddit_equity_forecast/outputs/sentiment_validation_sample.csv
2026-04-02 01:14:56.686 | SUCCESS  | src.sentiment_validation:generate:87 - Saved validation summary → /Users/naveenmalla/Work/Personal/misc/reddit_equity_forecast/outputs/sentiment_validation_summary.txt
2026-04-02 01:14:56.777 | SUCCESS  | src.sentiment_validation:generate:108 - Saved plot → /Users/naveenmalla/Work/Personal/misc/reddit_equity_forecast/outputs/sentiment_validation_confusion.png
2026-04-02 01:14:56.832 | SUCCESS  | __main__:main:118 - Thesis-facing evaluation tables, figures, and report snapshots were refreshed successfully.
Report saved → /Users/naveenmalla/Work/Personal/misc/reddit_equity_forecast/outputs/model_analysis.txt

Preview:
======================================================================
  REDDIT EQUITY FORECAST — MODEL ANALYSIS REPORT
  Generated: 2026-04-02 01:14
======================================================================

1. DATASET COVERAGE
----------------------------------------------------------------------
  Ticker   From           To                 Days   Years
  ------------------------------------------------------
  AAPL     2021-01-04     2025-12-29        1,253    5.0yr
  AMZN     2021-01-04     2025-12-29        1,253    5.0yr
  INTC     2021-01-04     2025-12-29        1,253    5.0yr
  NFLX     2021-01-04     2025-12-29        1,253    5.0yr
  NIO      2021-01-04     2025-12-29        1,253    5.0yr
  NVDA     2021-01-04     2025-12-29        1,253    5.0yr
  PLTR     2021-01-04     2025-12-29        1,253    5.0yr
  QQQ      2021-01-04     2025-12-29        1,253    5.0yr
  SPY      2021-01-04     2025-12-29        1,253    5.0yr
  TSLA     2021-01-04     2025-12-29        1,253    5.0yr

  Total tickers     : 10
  Configured window : 2021-01-01 → 2025-12-31
  Market data span  : 2021-01-04 → 2025-12-29
  Avg trading days  : 1253 per ticker

2. REDDIT DATA COVERAGE
----------------------------------------------------------------------
  Total posts/comments : 11,496
  Configured window    : 2021-01-01 → 2025-12-31
  Collected range      : 2021-01-01 → 2025-12-31
